<?xml version="1.0" encoding="UTF-8"?>
<!-- Generated by org.testng.reporters.JUnitReportReporter -->
<testsuite hostname="Nandhini" failures="0" tests="1" name="Cucumber.TestNgTestRunner" time="8.685" errors="0" timestamp="2025-04-30T15:50:59 IST" skipped="0">
  <testcase classname="Cucumber.TestNgTestRunner" name="runScenario" time="8.685"/>
</testsuite> <!-- Cucumber.TestNgTestRunner -->
