<?xml version="1.0" encoding="UTF-8"?>
<!-- Generated by org.testng.reporters.JUnitReportReporter -->
<testsuite hostname="Nandhini" failures="0" tests="1" name="Nandhini.Tests.ErrorValidation" time="7.084" errors="0" timestamp="2025-04-24T17:33:04 IST" skipped="0">
  <testcase classname="Nandhini.Tests.ErrorValidation" name="submitOrder" time="7.084"/>
</testsuite> <!-- Nandhini.Tests.ErrorValidation -->
